[debug] [2018-04-16T15:35:02.378Z] ----------------------------------------------------------------------
[debug] [2018-04-16T15:35:02.380Z] Command:       C:\Program Files\nodejs\node.exe C:\Users\alexwile\AppData\Roaming\npm\node_modules\firebase-tools\bin\firebase deploy
[debug] [2018-04-16T15:35:02.381Z] CLI Version:   3.18.4
[debug] [2018-04-16T15:35:02.381Z] Platform:      win32
[debug] [2018-04-16T15:35:02.381Z] Node Version:  v8.9.0
[debug] [2018-04-16T15:35:02.382Z] Time:          Mon Apr 16 2018 16:35:02 GMT+0100 (GMT Daylight Time)
[debug] [2018-04-16T15:35:02.382Z] ----------------------------------------------------------------------
[debug] 
[debug] [2018-04-16T15:35:02.393Z] > command requires scopes: ["email","openid","https://www.googleapis.com/auth/cloudplatformprojects.readonly","https://www.googleapis.com/auth/firebase","https://www.googleapis.com/auth/cloud-platform"]
[debug] [2018-04-16T15:35:02.394Z] > authorizing via signed-in user
[debug] [2018-04-16T15:35:02.396Z] >>> HTTP REQUEST GET https://admin.firebase.com/v1/projects/fir-playground-6bf0d  
  
 Mon Apr 16 2018 16:35:02 GMT+0100 (GMT Daylight Time)
[debug] [2018-04-16T15:35:03.083Z] <<< HTTP RESPONSE 200
[debug] [2018-04-16T15:35:03.084Z] >>> HTTP REQUEST GET https://admin.firebase.com/v1/database/fir-playground-6bf0d/tokens  
  
 Mon Apr 16 2018 16:35:03 GMT+0100 (GMT Daylight Time)
[debug] [2018-04-16T15:35:03.539Z] <<< HTTP RESPONSE 200
[info] 
[info] === Deploying to 'fir-playground-6bf0d'...
[info] 
[info] i  deploying functions
[info] Running command: npm --prefix "$RESOURCE_DIR" run lint
[info] Running command: npm --prefix "$RESOURCE_DIR" run build
[info] +  functions: Finished running predeploy script.
[debug] [2018-04-16T15:35:16.674Z] > [functions] package.json contents: {
  "name": "functions",
  "scripts": {
    "lint": "tslint --project tsconfig.json",
    "build": "tsc",
    "serve": "npm run build && firebase serve --only functions",
    "shell": "npm run build && firebase functions:shell",
    "start": "npm run shell",
    "deploy": "firebase deploy --only functions",
    "logs": "firebase functions:log"
  },
  "main": "lib/index.js",
  "dependencies": {
    "firebase-admin": "~5.12.0",
    "firebase-functions": "^1.0.1"
  },
  "devDependencies": {
    "tslint": "^5.8.0",
    "typescript": "^2.5.3"
  },
  "private": true
}
[info] i  functions: ensuring necessary APIs are enabled...
[debug] [2018-04-16T15:35:16.676Z] >>> HTTP REQUEST GET https://servicemanagement.googleapis.com/v1/services/cloudfunctions.googleapis.com/projectSettings/fir-playground-6bf0d?view=CONSUMER_VIEW  
  
 Mon Apr 16 2018 16:35:16 GMT+0100 (GMT Daylight Time)
[debug] [2018-04-16T15:35:16.677Z] >>> HTTP REQUEST GET https://servicemanagement.googleapis.com/v1/services/runtimeconfig.googleapis.com/projectSettings/fir-playground-6bf0d?view=CONSUMER_VIEW  
  
 Mon Apr 16 2018 16:35:16 GMT+0100 (GMT Daylight Time)
[debug] [2018-04-16T15:35:17.624Z] <<< HTTP RESPONSE 200
[debug] [2018-04-16T15:35:17.660Z] <<< HTTP RESPONSE 200
[info] +  functions: all necessary APIs are enabled
[debug] [2018-04-16T15:35:17.662Z] >>> HTTP REQUEST GET https://cloudresourcemanager.googleapis.com/v1/projects/fir-playground-6bf0d  
  
 Mon Apr 16 2018 16:35:17 GMT+0100 (GMT Daylight Time)
[debug] [2018-04-16T15:35:18.344Z] <<< HTTP RESPONSE 200
[debug] [2018-04-16T15:35:18.344Z] >>> HTTP REQUEST GET https://mobilesdk-pa.googleapis.com/v1/projects/1034143447900:getServerAppConfig  
  
 Mon Apr 16 2018 16:35:18 GMT+0100 (GMT Daylight Time)
[debug] [2018-04-16T15:35:18.712Z] <<< HTTP RESPONSE 200
[info] i  functions: preparing functions directory for uploading...
[debug] [2018-04-16T15:35:18.714Z] >>> HTTP REQUEST GET https://runtimeconfig.googleapis.com/v1beta1/projects/fir-playground-6bf0d/configs  
  
 Mon Apr 16 2018 16:35:18 GMT+0100 (GMT Daylight Time)
[debug] [2018-04-16T15:35:19.034Z] <<< HTTP RESPONSE 200
[info] i  functions: packaged functions (45.38 KB) for uploading
[debug] [2018-04-16T15:35:19.519Z] >>> HTTP REQUEST POST https://cloudfunctions.googleapis.com/v1/projects/fir-playground-6bf0d/locations/us-central1/functions:generateUploadUrl  
  
 Mon Apr 16 2018 16:35:19 GMT+0100 (GMT Daylight Time)
[debug] [2018-04-16T15:35:49.616Z] <<< HTTP RESPONSE 503
[debug] [2018-04-16T15:35:49.616Z] <<< HTTP RESPONSE BODY {
  "error": {
    "code": 503,
    "message": "The service is currently unavailable.",
    "status": "UNAVAILABLE"
  }
}

[debug] [2018-04-16T15:35:49.617Z] TypeError: Cannot create property 'error' on string '{
  "error": {
    "code": 503,
    "message": "The service is currently unavailable.",
    "status": "UNAVAILABLE"
  }
}
'
    at module.exports (C:\Users\alexwile\AppData\Roaming\npm\node_modules\firebase-tools\lib\responseToError.js:11:16)
    at Request._callback (C:\Users\alexwile\AppData\Roaming\npm\node_modules\firebase-tools\lib\api.js:47:25)
    at Request.self.callback (C:\Users\alexwile\AppData\Roaming\npm\node_modules\firebase-tools\node_modules\request\request.js:186:22)
    at emitTwo (events.js:126:13)
    at Request.emit (events.js:214:7)
    at Request.<anonymous> (C:\Users\alexwile\AppData\Roaming\npm\node_modules\firebase-tools\node_modules\request\request.js:1163:10)
    at emitOne (events.js:116:13)
    at Request.emit (events.js:211:7)
    at IncomingMessage.<anonymous> (C:\Users\alexwile\AppData\Roaming\npm\node_modules\firebase-tools\node_modules\request\request.js:1085:12)
    at Object.onceWrapper (events.js:313:30)
[error] 
[error] Error: An unexpected error has occurred.
